<?xml version="1.0" encoding="UTF-8"?>
<testng-results ignored="0" total="2" passed="2" failed="0" skipped="0">
  <reporter-output>
  </reporter-output>
  <suite started-at="2023-09-29T13:07:54 IST" name="Default suite" finished-at="2023-09-29T13:08:32 IST" duration-ms="37686">
    <groups>
    </groups>
    <test started-at="2023-09-29T13:07:54 IST" name="Default test" finished-at="2023-09-29T13:08:32 IST" duration-ms="37686">
      <class name="Test_Pkg_PS.registerAccount">
        <test-method is-config="true" signature="set()[pri:0, instance:Test_Pkg_PS.registerAccount@33d512c1]" started-at="2023-09-29T13:07:54 IST" name="set" finished-at="2023-09-29T13:08:04 IST" duration-ms="9588" status="PASS">
          <reporter-output>
          </reporter-output>
        </test-method> <!-- set -->
        <test-method is-config="true" signature="urlload()[pri:0, instance:Test_Pkg_PS.registerAccount@33d512c1]" started-at="2023-09-29T13:08:04 IST" name="urlload" finished-at="2023-09-29T13:08:07 IST" duration-ms="2754" status="PASS">
          <reporter-output>
          </reporter-output>
        </test-method> <!-- urlload -->
        <test-method signature="setup()[pri:1, instance:Test_Pkg_PS.registerAccount@33d512c1]" started-at="2023-09-29T13:08:07 IST" name="setup" finished-at="2023-09-29T13:08:15 IST" duration-ms="8282" status="PASS">
          <reporter-output>
          </reporter-output>
        </test-method> <!-- setup -->
        <test-method is-config="true" signature="urlload()[pri:0, instance:Test_Pkg_PS.registerAccount@33d512c1]" started-at="2023-09-29T13:08:15 IST" name="urlload" finished-at="2023-09-29T13:08:15 IST" duration-ms="106" status="PASS">
          <reporter-output>
          </reporter-output>
        </test-method> <!-- urlload -->
        <test-method signature="verifyLoginCred()[pri:3, instance:Test_Pkg_PS.registerAccount@33d512c1]" started-at="2023-09-29T13:08:15 IST" name="verifyLoginCred" finished-at="2023-09-29T13:08:32 IST" duration-ms="16865" status="PASS">
          <reporter-output>
          </reporter-output>
        </test-method> <!-- verifyLoginCred -->
      </class> <!-- Test_Pkg_PS.registerAccount -->
    </test> <!-- Default test -->
  </suite> <!-- Default suite -->
</testng-results>
