<?xml version="1.0" encoding="UTF-8"?>
<testng-results ignored="0" total="2" passed="2" failed="0" skipped="0">
  <reporter-output>
  </reporter-output>
  <suite started-at="2023-09-13T18:45:35 IST" name="Default suite" finished-at="2023-09-13T18:46:05 IST" duration-ms="29638">
    <groups>
    </groups>
    <test started-at="2023-09-13T18:45:35 IST" name="Default test" finished-at="2023-09-13T18:46:05 IST" duration-ms="29638">
      <class name="Test_Pkg_PS.registerAccount">
        <test-method is-config="true" signature="set()[pri:0, instance:Test_Pkg_PS.registerAccount@397fbdb]" started-at="2023-09-13T18:45:35 IST" name="set" finished-at="2023-09-13T18:45:48 IST" duration-ms="12399" status="PASS">
          <reporter-output>
          </reporter-output>
        </test-method> <!-- set -->
        <test-method is-config="true" signature="urlload()[pri:0, instance:Test_Pkg_PS.registerAccount@397fbdb]" started-at="2023-09-13T18:45:48 IST" name="urlload" finished-at="2023-09-13T18:45:51 IST" duration-ms="2660" status="PASS">
          <reporter-output>
          </reporter-output>
        </test-method> <!-- urlload -->
        <test-method signature="setup()[pri:1, instance:Test_Pkg_PS.registerAccount@397fbdb]" started-at="2023-09-13T18:45:51 IST" name="setup" finished-at="2023-09-13T18:45:54 IST" duration-ms="3055" status="PASS">
          <reporter-output>
          </reporter-output>
        </test-method> <!-- setup -->
        <test-method is-config="true" signature="urlload()[pri:0, instance:Test_Pkg_PS.registerAccount@397fbdb]" started-at="2023-09-13T18:45:54 IST" name="urlload" finished-at="2023-09-13T18:45:54 IST" duration-ms="106" status="PASS">
          <reporter-output>
          </reporter-output>
        </test-method> <!-- urlload -->
        <test-method signature="verifyLoginCred()[pri:2, instance:Test_Pkg_PS.registerAccount@397fbdb]" started-at="2023-09-13T18:45:54 IST" name="verifyLoginCred" finished-at="2023-09-13T18:46:05 IST" duration-ms="11274" status="PASS">
          <reporter-output>
          </reporter-output>
        </test-method> <!-- verifyLoginCred -->
      </class> <!-- Test_Pkg_PS.registerAccount -->
    </test> <!-- Default test -->
  </suite> <!-- Default suite -->
</testng-results>
